# JRE version: OpenJDK Runtime Environment (8.0_242) (build 1.8.0_242-release-1644-b3-6222593)
# Java VM: OpenJDK 64-Bit Server VM (25.242-b3-6222593 mixed mode bsd-amd64 compressed oops)
Heap:
 PSYoungGen      total 464896K, used 146601K [0x0000000795580000, 0x00000007c0000000, 0x00000007c0000000)
  eden space 263680K, 0% used [0x0000000795580000,0x0000000795580000,0x00000007a5700000)
  from space 201216K, 72% used [0x00000007b3b80000,0x00000007bcaaa608,0x00000007c0000000)
  to   space 217600K, 0% used [0x00000007a5700000,0x00000007a5700000,0x00000007b2b80000)
 ParOldGen       total 672256K, used 635815K [0x0000000740000000, 0x0000000769080000, 0x0000000795580000)
  object space 672256K, 94% used [0x0000000740000000,0x0000000766ce9e38,0x0000000769080000)
 Metaspace       used 118974K, capacity 128220K, committed 128424K, reserved 1161216K
  class space    used 14946K, capacity 16526K, committed 16560K, reserved 1048576K
GC Heap History (10 events):
Event: 24270.500 GC heap after
Heap after GC invocations=99 (full 5):
 PSYoungGen      total 541184K, used 103417K [0x0000000795580000, 0x00000007c0000000, 0x00000007c0000000)
  eden space 437760K, 0% used [0x0000000795580000,0x0000000795580000,0x00000007b0100000)
  from space 103424K, 99% used [0x00000007b8c80000,0x00000007bf17e690,0x00000007bf180000)
  to   space 130560K, 0% used [0x00000007b0100000,0x00000007b0100000,0x00000007b8080000)
 ParOldGen       total 672256K, used 474569K [0x0000000740000000, 0x0000000769080000, 0x0000000795580000)
  object space 672256K, 70% used [0x0000000740000000,0x000000075cf725e0,0x0000000769080000)
 Metaspace       used 118871K, capacity 128152K, committed 128424K, reserved 1161216K
  class space    used 14946K, capacity 16526K, committed 16560K, reserved 1048576K
}
Event: 24271.054 GC heap before
{Heap before GC invocations=100 (full 5):
 PSYoungGen      total 541184K, used 541177K [0x0000000795580000, 0x00000007c0000000, 0x00000007c0000000)
  eden space 437760K, 100% used [0x0000000795580000,0x00000007b0100000,0x00000007b0100000)
  from space 103424K, 99% used [0x00000007b8c80000,0x00000007bf17e690,0x00000007bf180000)
  to   space 130560K, 0% used [0x00000007b0100000,0x00000007b0100000,0x00000007b8080000)
 ParOldGen       total 672256K, used 474569K [0x0000000740000000, 0x0000000769080000, 0x0000000795580000)
  object space 672256K, 70% used [0x0000000740000000,0x000000075cf725e0,0x0000000769080000)
 Metaspace       used 118875K, capacity 128152K, committed 128424K, reserved 1161216K
  class space    used 14946K, capacity 16526K, committed 16560K, reserved 1048576K
Event: 24271.127 GC heap after
Heap after GC invocations=100 (full 5):
 PSYoungGen      total 568320K, used 130532K [0x0000000795580000, 0x00000007c0000000, 0x00000007c0000000)
  eden space 437760K, 0% used [0x0000000795580000,0x0000000795580000,0x00000007b0100000)
  from space 130560K, 99% used [0x00000007b0100000,0x00000007b80793c8,0x00000007b8080000)
  to   space 130560K, 0% used [0x00000007b8080000,0x00000007b8080000,0x00000007c0000000)
 ParOldGen       total 672256K, used 504167K [0x0000000740000000, 0x0000000769080000, 0x0000000795580000)
  object space 672256K, 74% used [0x0000000740000000,0x000000075ec59dd0,0x0000000769080000)
 Metaspace       used 118875K, capacity 128152K, committed 128424K, reserved 1161216K
  class space    used 14946K, capacity 16526K, committed 16560K, reserved 1048576K
}
Event: 24271.685 GC heap before
{Heap before GC invocations=101 (full 5):
 PSYoungGen      total 568320K, used 568292K [0x0000000795580000, 0x00000007c0000000, 0x00000007c0000000)
  eden space 437760K, 100% used [0x0000000795580000,0x00000007b0100000,0x00000007b0100000)
  from space 130560K, 99% used [0x00000007b0100000,0x00000007b80793c8,0x00000007b8080000)
  to   space 130560K, 0% used [0x00000007b8080000,0x00000007b8080000,0x00000007c0000000)
 ParOldGen       total 672256K, used 504167K [0x0000000740000000, 0x0000000769080000, 0x0000000795580000)
  object space 672256K, 74% used [0x0000000740000000,0x000000075ec59dd0,0x0000000769080000)
 Metaspace       used 118959K, capacity 128220K, committed 128424K, reserved 1161216K
  class space    used 14946K, capacity 16526K, committed 16560K, reserved 1048576K
Event: 24271.737 GC heap after
Heap after GC invocations=101 (full 5):
 PSYoungGen      total 454656K, used 130543K [0x0000000795580000, 0x00000007c0000000, 0x00000007c0000000)
  eden space 324096K, 0% used [0x0000000795580000,0x0000000795580000,0x00000007a9200000)
  from space 130560K, 99% used [0x00000007b8080000,0x00000007bfffbec0,0x00000007c0000000)
  to   space 187392K, 0% used [0x00000007a9200000,0x00000007a9200000,0x00000007b4900000)
 ParOldGen       total 672256K, used 509885K [0x0000000740000000, 0x0000000769080000, 0x0000000795580000)
  object space 672256K, 75% used [0x0000000740000000,0x000000075f1ef5b0,0x0000000769080000)
 Metaspace       used 118959K, capacity 128220K, committed 128424K, reserved 1161216K
  class space    used 14946K, capacity 16526K, committed 16560K, reserved 1048576K
}
Event: 24272.058 GC heap before
{Heap before GC invocations=102 (full 5):
 PSYoungGen      total 454656K, used 454639K [0x0000000795580000, 0x00000007c0000000, 0x00000007c0000000)
  eden space 324096K, 100% used [0x0000000795580000,0x00000007a9200000,0x00000007a9200000)
  from space 130560K, 99% used [0x00000007b8080000,0x00000007bfffbec0,0x00000007c0000000)
  to   space 187392K, 0% used [0x00000007a9200000,0x00000007a9200000,0x00000007b4900000)
 ParOldGen       total 672256K, used 509885K [0x0000000740000000, 0x0000000769080000, 0x0000000795580000)
  object space 672256K, 75% used [0x0000000740000000,0x000000075f1ef5b0,0x0000000769080000)
 Metaspace       used 118970K, capacity 128220K, committed 128424K, reserved 1161216K
  class space    used 14946K, capacity 16526K, committed 16560K, reserved 1048576K
Event: 24272.131 GC heap after
Heap after GC invocations=102 (full 5):
 PSYoungGen      total 454144K, used 129900K [0x0000000795580000, 0x00000007c0000000, 0x00000007c0000000)
  eden space 324096K, 0% used [0x0000000795580000,0x0000000795580000,0x00000007a9200000)
  from space 130048K, 99% used [0x00000007a9200000,0x00000007b10db018,0x00000007b1100000)
  to   space 201216K, 0% used [0x00000007b3b80000,0x00000007b3b80000,0x00000007c0000000)
 ParOldGen       total 672256K, used 563006K [0x0000000740000000, 0x0000000769080000, 0x0000000795580000)
  object space 672256K, 83% used [0x0000000740000000,0x00000007625cf9b8,0x0000000769080000)
 Metaspace       used 118970K, capacity 128220K, committed 128424K, reserved 1161216K
  class space    used 14946K, capacity 16526K, committed 16560K, reserved 1048576K
}
Event: 24273.018 GC heap before
{Heap before GC invocations=103 (full 5):
 PSYoungGen      total 454144K, used 453996K [0x0000000795580000, 0x00000007c0000000, 0x00000007c0000000)
  eden space 324096K, 100% used [0x0000000795580000,0x00000007a9200000,0x00000007a9200000)
  from space 130048K, 99% used [0x00000007a9200000,0x00000007b10db018,0x00000007b1100000)
  to   space 201216K, 0% used [0x00000007b3b80000,0x00000007b3b80000,0x00000007c0000000)
 ParOldGen       total 672256K, used 563006K [0x0000000740000000, 0x0000000769080000, 0x0000000795580000)
  object space 672256K, 83% used [0x0000000740000000,0x00000007625cf9b8,0x0000000769080000)
 Metaspace       used 118974K, capacity 128220K, committed 128424K, reserved 1161216K
  class space    used 14946K, capacity 16526K, committed 16560K, reserved 1048576K
Event: 24273.111 GC heap after
Heap after GC invocations=103 (full 5):
 PSYoungGen      total 464896K, used 146601K [0x0000000795580000, 0x00000007c0000000, 0x00000007c0000000)
  eden space 263680K, 0% used [0x0000000795580000,0x0000000795580000,0x00000007a5700000)
  from space 201216K, 72% used [0x00000007b3b80000,0x00000007bcaaa608,0x00000007c0000000)
  to   space 217600K, 0% used [0x00000007a5700000,0x00000007a5700000,0x00000007b2b80000)
 ParOldGen       total 672256K, used 635815K [0x0000000740000000, 0x0000000769080000, 0x0000000795580000)
  object space 672256K, 94% used [0x0000000740000000,0x0000000766ce9e38,0x0000000769080000)
 Metaspace       used 118974K, capacity 128220K, committed 128424K, reserved 1161216K
  class space    used 14946K, capacity 16526K, committed 16560K, reserved 1048576K
}
Event: 24273.111 GC heap before
{Heap before GC invocations=104 (full 6):
 PSYoungGen      total 464896K, used 146601K [0x0000000795580000, 0x00000007c0000000, 0x00000007c0000000)
  eden space 263680K, 0% used [0x0000000795580000,0x0000000795580000,0x00000007a5700000)
  from space 201216K, 72% used [0x00000007b3b80000,0x00000007bcaaa608,0x00000007c0000000)
  to   space 217600K, 0% used [0x00000007a5700000,0x00000007a5700000,0x00000007b2b80000)
 ParOldGen       total 672256K, used 635815K [0x0000000740000000, 0x0000000769080000, 0x0000000795580000)
  object space 672256K, 94% used [0x0000000740000000,0x0000000766ce9e38,0x0000000769080000)
 Metaspace       used 118974K, capacity 128220K, committed 128424K, reserved 1161216K
  class space    used 14946K, capacity 16526K, committed 16560K, reserved 1048576K

